<?xml version="1.0" encoding="UTF-8"?>
<!-- Generated by org.testng.reporters.JUnitXMLReporter -->
<testsuite ignored="0" hostname="DESKTOP-THC7EE7" failures="0" tests="1" name="Test" time="444.917" errors="0" timestamp="2021-11-10T18:15:01 IST">
  <testcase classname="Automation.assignment1.HomePage" name="@BeforeTest getIntializeDriver" time="444.855">
    <failure type="io.github.bonigarcia.wdm.config.WebDriverManagerException" message="io.github.bonigarcia.wdm.config.WebDriverManagerException: org.apache.hc.client5.http.HttpHostConnectException: Connect to https://chromedriver.storage.googleapis.com:443 [chromedriver.storage.googleapis.com/142.250.113.128] failed: Connection timed out: connect">
      <![CDATA[io.github.bonigarcia.wdm.config.WebDriverManagerException: io.github.bonigarcia.wdm.config.WebDriverManagerException: org.apache.hc.client5.http.HttpHostConnectException: Connect to https://chromedriver.storage.googleapis.com:443 [chromedriver.storage.googleapis.com/142.250.113.128] failed: Connection timed out: connect
at io.github.bonigarcia.wdm.WebDriverManager.handleException(WebDriverManager.java:809)
at io.github.bonigarcia.wdm.WebDriverManager.manage(WebDriverManager.java:599)
at io.github.bonigarcia.wdm.WebDriverManager.fallback(WebDriverManager.java:825)
at io.github.bonigarcia.wdm.WebDriverManager.handleException(WebDriverManager.java:806)
at io.github.bonigarcia.wdm.WebDriverManager.manage(WebDriverManager.java:599)
at io.github.bonigarcia.wdm.WebDriverManager.handleException(WebDriverManager.java:799)
at io.github.bonigarcia.wdm.WebDriverManager.manage(WebDriverManager.java:599)
at io.github.bonigarcia.wdm.WebDriverManager.setup(WebDriverManager.java:287)
at resources.base.intializeDriver(base.java:28)
at Automation.assignment1.HomePage.getIntializeDriver(HomePage.java:20)
Caused by: io.github.bonigarcia.wdm.config.WebDriverManagerException: org.apache.hc.client5.http.HttpHostConnectException: Connect to https://chromedriver.storage.googleapis.com:443 [chromedriver.storage.googleapis.com/142.250.113.128] failed: Connection timed out: connect
at io.github.bonigarcia.wdm.WebDriverManager.getDriversFromXml(WebDriverManager.java:956)
at io.github.bonigarcia.wdm.managers.ChromeDriverManager.getDriverUrls(ChromeDriverManager.java:100)
at io.github.bonigarcia.wdm.WebDriverManager.createUrlHandler(WebDriverManager.java:830)
at io.github.bonigarcia.wdm.WebDriverManager.download(WebDriverManager.java:677)
at io.github.bonigarcia.wdm.WebDriverManager.manage(WebDriverManager.java:593)
... 32 more
Caused by: org.apache.hc.client5.http.HttpHostConnectException: Connect to https://chromedriver.storage.googleapis.com:443 [chromedriver.storage.googleapis.com/142.250.113.128] failed: Connection timed out: connect
at java.base/java.net.PlainSocketImpl.waitForConnect(Native Method)
at java.base/java.net.PlainSocketImpl.socketConnect(PlainSocketImpl.java:107)
at java.base/java.net.AbstractPlainSocketImpl.doConnect(AbstractPlainSocketImpl.java:399)
at java.base/java.net.AbstractPlainSocketImpl.connectToAddress(AbstractPlainSocketImpl.java:242)
at java.base/java.net.AbstractPlainSocketImpl.connect(AbstractPlainSocketImpl.java:224)
at java.base/java.net.SocksSocketImpl.connect(SocksSocketImpl.java:392)
at java.base/java.net.Socket.connect(Socket.java:608)
at org.apache.hc.client5.http.ssl.SSLConnectionSocketFactory$1.run(SSLConnectionSocketFactory.java:219)
at java.base/java.security.AccessController.doPrivileged(Native Method)
at org.apache.hc.client5.http.ssl.SSLConnectionSocketFactory.connectSocket(SSLConnectionSocketFactory.java:216)
at org.apache.hc.client5.http.impl.io.DefaultHttpClientConnectionOperator.connect(DefaultHttpClientConnectionOperator.java:148)
at org.apache.hc.client5.http.impl.io.PoolingHttpClientConnectionManager.connect(PoolingHttpClientConnectionManager.java:409)
at org.apache.hc.client5.http.impl.classic.InternalExecRuntime.connectEndpoint(InternalExecRuntime.java:164)
at org.apache.hc.client5.http.impl.classic.InternalExecRuntime.connectEndpoint(InternalExecRuntime.java:174)
at org.apache.hc.client5.http.impl.classic.ConnectExec.execute(ConnectExec.java:135)
at org.apache.hc.client5.http.impl.classic.ExecChainElement.execute(ExecChainElement.java:51)
at org.apache.hc.client5.http.impl.classic.ExecChainElement$1.proceed(ExecChainElement.java:57)
at org.apache.hc.client5.http.impl.classic.ProtocolExec.execute(ProtocolExec.java:172)
at org.apache.hc.client5.http.impl.classic.ExecChainElement.execute(ExecChainElement.java:51)
at org.apache.hc.client5.http.impl.classic.ExecChainElement$1.proceed(ExecChainElement.java:57)
at org.apache.hc.client5.http.impl.classic.HttpRequestRetryExec.execute(HttpRequestRetryExec.java:93)
at org.apache.hc.client5.http.impl.classic.ExecChainElement.execute(ExecChainElement.java:51)
at org.apache.hc.client5.http.impl.classic.ExecChainElement$1.proceed(ExecChainElement.java:57)
at org.apache.hc.client5.http.impl.classic.ContentCompressionExec.execute(ContentCompressionExec.java:128)
at org.apache.hc.client5.http.impl.classic.ExecChainElement.execute(ExecChainElement.java:51)
at org.apache.hc.client5.http.impl.classic.ExecChainElement$1.proceed(ExecChainElement.java:57)
at org.apache.hc.client5.http.impl.classic.RedirectExec.execute(RedirectExec.java:116)
at org.apache.hc.client5.http.impl.classic.ExecChainElement.execute(ExecChainElement.java:51)
at org.apache.hc.client5.http.impl.classic.InternalHttpClient.doExecute(InternalHttpClient.java:178)
at org.apache.hc.client5.http.impl.classic.CloseableHttpClient.execute(CloseableHttpClient.java:75)
at org.apache.hc.client5.http.impl.classic.CloseableHttpClient.execute(CloseableHttpClient.java:89)
at io.github.bonigarcia.wdm.online.HttpClient.execute(HttpClient.java:139)
at io.github.bonigarcia.wdm.WebDriverManager.getDriversFromXml(WebDriverManager.java:941)
... 36 more
... Removed 24 stack frames]]>
    </failure>
  </testcase> <!-- @BeforeTest getIntializeDriver -->
  <testcase classname="Automation.assignment1.HomePage" name="homePageTest" time="0.0">
    <skipped/>
  </testcase> <!-- homePageTest -->
</testsuite> <!-- Test -->
