<?xml version="1.0" encoding="UTF-8"?>
<testng-results ignored="0" total="1" passed="1" failed="0" skipped="0">
  <reporter-output>
  </reporter-output>
  <suite started-at="2021-11-10T18:53:29 IST" name="Default suite" finished-at="2021-11-10T18:53:59 IST" duration-ms="29336">
    <groups>
    </groups>
    <test started-at="2021-11-10T18:53:29 IST" name="Default test" finished-at="2021-11-10T18:53:59 IST" duration-ms="29336">
      <class name="Automation.assignment1.HomePage">
        <test-method is-config="true" signature="getIntializeDriver()[pri:0, instance:Automation.assignment1.HomePage@6d4e5011]" started-at="2021-11-10T18:53:29 IST" name="getIntializeDriver" finished-at="2021-11-10T18:53:46 IST" duration-ms="16726" status="PASS">
          <reporter-output>
          </reporter-output>
        </test-method> <!-- getIntializeDriver -->
        <test-method signature="homePageTest()[pri:0, instance:Automation.assignment1.HomePage@6d4e5011]" started-at="2021-11-10T18:53:46 IST" name="homePageTest" finished-at="2021-11-10T18:53:59 IST" duration-ms="12546" status="PASS">
          <reporter-output>
          </reporter-output>
        </test-method> <!-- homePageTest -->
      </class> <!-- Automation.assignment1.HomePage -->
    </test> <!-- Default test -->
  </suite> <!-- Default suite -->
</testng-results>
